<?xml version="1.0" encoding="UTF-8"?>
<!-- Generated by org.testng.reporters.JUnitXMLReporter -->
<testsuite ignored="0" hostname="PNL-5CD209FSV6" failures="0" tests="5" name="Default test" time="6.966" errors="0" timestamp="2023-04-20T23:48:50 IST">
  <testcase classname="testDemo.Demo_GET" name="GET_for_listusers" time="4.5"/>
  <testcase classname="testDemo.Demo_GET" name="GET_single_user" time="0.119"/>
  <testcase classname="testDemo.Demo_GET" name="POST_user" time="1.178"/>
  <testcase classname="testDemo.Demo_GET" name="PUT_user" time="0.589"/>
  <testcase classname="testDemo.Demo_GET" name="DELETE" time="0.492"/>
</testsuite> <!-- Default test -->
