<?xml version="1.0" encoding="UTF-8"?>
<!-- Generated by org.testng.reporters.JUnitXMLReporter -->
<testsuite ignored="0" hostname="PNL-5CD209FSV6" failures="0" tests="5" name="Default test" time="3.889" errors="0" timestamp="2023-04-21T23:00:41 IST">
  <testcase classname="testDemo.Demo_methodusing_hashmap" name="GET_for_listusers" time="2.069"/>
  <testcase classname="testDemo.Demo_methodusing_hashmap" name="GET_single_user" time="0.073"/>
  <testcase classname="testDemo.Demo_methodusing_hashmap" name="POST_user" time="0.798"/>
  <testcase classname="testDemo.Demo_methodusing_hashmap" name="PUT_user" time="0.472"/>
  <testcase classname="testDemo.Demo_methodusing_hashmap" name="DELETE" time="0.44"/>
</testsuite> <!-- Default test -->
