<?xml version="1.0" encoding="UTF-8"?>
<testng-results ignored="0" total="9" passed="9" failed="0" skipped="0">
  <reporter-output>
  </reporter-output>
  <suite started-at="2023-04-24T12:47:07 IST" name="PetSuite" finished-at="2023-04-24T12:47:29 IST" duration-ms="22113">
    <groups>
    </groups>
    <test started-at="2023-04-24T12:47:07 IST" name="PetTest" finished-at="2023-04-24T12:47:29 IST" duration-ms="22113">
      <class name="api.test.DDTest">
        <test-method is-config="true" signature="setup()[pri:0, instance:api.test.DDTest@465232e9]" started-at="2023-04-24T12:47:08 IST" name="setup" finished-at="2023-04-24T12:47:09 IST" duration-ms="1244" status="PASS">
          <reporter-output>
          </reporter-output>
        </test-method> <!-- setup -->
        <test-method signature="testPOSTUser(java.lang.String,java.lang.String,java.lang.String,java.lang.String,java.lang.String,java.lang.String,java.lang.String)[pri:1, instance:api.test.DDTest@465232e9]" started-at="2023-04-24T12:47:12 IST" name="testPOSTUser" data-provider="Data" finished-at="2023-04-24T12:47:17 IST" duration-ms="5205" status="PASS">
          <params>
            <param index="0">
              <value>
                <![CDATA[1010]]>
              </value>
            </param>
            <param index="1">
              <value>
                <![CDATA[testUser11]]>
              </value>
            </param>
            <param index="2">
              <value>
                <![CDATA[Smith]]>
              </value>
            </param>
            <param index="3">
              <value>
                <![CDATA[Reddy1]]>
              </value>
            </param>
            <param index="4">
              <value>
                <![CDATA[SR@gmail.com]]>
              </value>
            </param>
            <param index="5">
              <value>
                <![CDATA[test@1]]>
              </value>
            </param>
            <param index="6">
              <value>
                <![CDATA[5645342313]]>
              </value>
            </param>
          </params>
          <reporter-output>
          </reporter-output>
        </test-method> <!-- testPOSTUser -->
        <test-method signature="testPOSTUser(java.lang.String,java.lang.String,java.lang.String,java.lang.String,java.lang.String,java.lang.String,java.lang.String)[pri:1, instance:api.test.DDTest@465232e9]" started-at="2023-04-24T12:47:17 IST" name="testPOSTUser" data-provider="Data" finished-at="2023-04-24T12:47:19 IST" duration-ms="1444" status="PASS">
          <params>
            <param index="0">
              <value>
                <![CDATA[1011]]>
              </value>
            </param>
            <param index="1">
              <value>
                <![CDATA[testUser22]]>
              </value>
            </param>
            <param index="2">
              <value>
                <![CDATA[Poja]]>
              </value>
            </param>
            <param index="3">
              <value>
                <![CDATA[Roy1]]>
              </value>
            </param>
            <param index="4">
              <value>
                <![CDATA[PR@gmail.com]]>
              </value>
            </param>
            <param index="5">
              <value>
                <![CDATA[test@2]]>
              </value>
            </param>
            <param index="6">
              <value>
                <![CDATA[98754322123]]>
              </value>
            </param>
          </params>
          <reporter-output>
          </reporter-output>
        </test-method> <!-- testPOSTUser -->
        <test-method signature="testPOSTUser(java.lang.String,java.lang.String,java.lang.String,java.lang.String,java.lang.String,java.lang.String,java.lang.String)[pri:1, instance:api.test.DDTest@465232e9]" started-at="2023-04-24T12:47:19 IST" name="testPOSTUser" data-provider="Data" finished-at="2023-04-24T12:47:20 IST" duration-ms="1639" status="PASS">
          <params>
            <param index="0">
              <value>
                <![CDATA[1012]]>
              </value>
            </param>
            <param index="1">
              <value>
                <![CDATA[testUser33]]>
              </value>
            </param>
            <param index="2">
              <value>
                <![CDATA[Reena]]>
              </value>
            </param>
            <param index="3">
              <value>
                <![CDATA[Tennu1]]>
              </value>
            </param>
            <param index="4">
              <value>
                <![CDATA[RT@gmail.com]]>
              </value>
            </param>
            <param index="5">
              <value>
                <![CDATA[test@3]]>
              </value>
            </param>
            <param index="6">
              <value>
                <![CDATA[8765489065]]>
              </value>
            </param>
          </params>
          <reporter-output>
          </reporter-output>
        </test-method> <!-- testPOSTUser -->
        <test-method signature="GETUserbyName(java.lang.String)[pri:2, instance:api.test.DDTest@465232e9]" started-at="2023-04-24T12:47:20 IST" name="GETUserbyName" data-provider="UserNames" finished-at="2023-04-24T12:47:22 IST" duration-ms="1276" status="PASS">
          <params>
            <param index="0">
              <value>
                <![CDATA[testUser11]]>
              </value>
            </param>
          </params>
          <reporter-output>
          </reporter-output>
        </test-method> <!-- GETUserbyName -->
        <test-method signature="GETUserbyName(java.lang.String)[pri:2, instance:api.test.DDTest@465232e9]" started-at="2023-04-24T12:47:22 IST" name="GETUserbyName" data-provider="UserNames" finished-at="2023-04-24T12:47:23 IST" duration-ms="1411" status="PASS">
          <params>
            <param index="0">
              <value>
                <![CDATA[testUser22]]>
              </value>
            </param>
          </params>
          <reporter-output>
          </reporter-output>
        </test-method> <!-- GETUserbyName -->
        <test-method signature="GETUserbyName(java.lang.String)[pri:2, instance:api.test.DDTest@465232e9]" started-at="2023-04-24T12:47:23 IST" name="GETUserbyName" data-provider="UserNames" finished-at="2023-04-24T12:47:25 IST" duration-ms="1432" status="PASS">
          <params>
            <param index="0">
              <value>
                <![CDATA[testUser33]]>
              </value>
            </param>
          </params>
          <reporter-output>
          </reporter-output>
        </test-method> <!-- GETUserbyName -->
        <test-method signature="DELETEUserbyName(java.lang.String)[pri:3, instance:api.test.DDTest@465232e9]" started-at="2023-04-24T12:47:25 IST" name="DELETEUserbyName" data-provider="UserNames" finished-at="2023-04-24T12:47:26 IST" duration-ms="1438" status="PASS">
          <params>
            <param index="0">
              <value>
                <![CDATA[testUser11]]>
              </value>
            </param>
          </params>
          <reporter-output>
          </reporter-output>
        </test-method> <!-- DELETEUserbyName -->
        <test-method signature="DELETEUserbyName(java.lang.String)[pri:3, instance:api.test.DDTest@465232e9]" started-at="2023-04-24T12:47:26 IST" name="DELETEUserbyName" data-provider="UserNames" finished-at="2023-04-24T12:47:28 IST" duration-ms="1450" status="PASS">
          <params>
            <param index="0">
              <value>
                <![CDATA[testUser22]]>
              </value>
            </param>
          </params>
          <reporter-output>
          </reporter-output>
        </test-method> <!-- DELETEUserbyName -->
        <test-method signature="DELETEUserbyName(java.lang.String)[pri:3, instance:api.test.DDTest@465232e9]" started-at="2023-04-24T12:47:28 IST" name="DELETEUserbyName" data-provider="UserNames" finished-at="2023-04-24T12:47:29 IST" duration-ms="1533" status="PASS">
          <params>
            <param index="0">
              <value>
                <![CDATA[testUser33]]>
              </value>
            </param>
          </params>
          <reporter-output>
          </reporter-output>
        </test-method> <!-- DELETEUserbyName -->
      </class> <!-- api.test.DDTest -->
    </test> <!-- PetTest -->
  </suite> <!-- PetSuite -->
</testng-results>
