<?xml version="1.0" encoding="UTF-8"?>
<testsuite xmlns:xsi="http://www.w3.org/2001/XMLSchema-instance" xsi:noNamespaceSchemaLocation="https://maven.apache.org/surefire/maven-surefire-plugin/xsd/surefire-test-report-3.0.xsd" version="3.0" name="TestSuite" time="24.651" tests="9" errors="0" skipped="0" failures="0">
  <properties>
[...]
</properties>
  <testcase name="testPOSTUser[1010, testUser11, Smith, Reddy1, SR@gmail.com, test@1, 5645342313](1)" classname="api.test.DDTest" time="5.231">
    <system-out><![CDATA[HTTP/1.1 200 OK
Date: Mon, 24 Apr 2023 07:17:17 GMT
Content-Type: application/json
Transfer-Encoding: chunked
Connection: keep-alive
Access-Control-Allow-Origin: *
Access-Control-Allow-Methods: GET, POST, DELETE, PUT
Access-Control-Allow-Headers: Content-Type, api_key, Authorization
Server: Jetty(9.2.9.v20150224)

{
    "code": 200,
    "type": "unknown",
    "message": "1010"
}
Status code for POST:200
]]></system-out>
    <system-err><![CDATA[SLF4J: Failed to load class "org.slf4j.impl.StaticLoggerBinder".
SLF4J: Defaulting to no-operation (NOP) logger implementation
SLF4J: See http://www.slf4j.org/codes.html#StaticLoggerBinder for further details.
]]></system-err>
  </testcase>
  <testcase name="testPOSTUser[1011, testUser22, Poja, Roy1, PR@gmail.com, test@2, 98754322123](2)" classname="api.test.DDTest" time="1.442">
    <system-out><![CDATA[HTTP/1.1 200 OK
Date: Mon, 24 Apr 2023 07:17:18 GMT
Content-Type: application/json
Transfer-Encoding: chunked
Connection: keep-alive
Access-Control-Allow-Origin: *
Access-Control-Allow-Methods: GET, POST, DELETE, PUT
Access-Control-Allow-Headers: Content-Type, api_key, Authorization
Server: Jetty(9.2.9.v20150224)

{
    "code": 200,
    "type": "unknown",
    "message": "1011"
}
Status code for POST:200
]]></system-out>
  </testcase>
  <testcase name="testPOSTUser[1012, testUser33, Reena, Tennu1, RT@gmail.com, test@3, 8765489065](3)" classname="api.test.DDTest" time="1.644">
    <system-out><![CDATA[HTTP/1.1 200 OK
Date: Mon, 24 Apr 2023 07:17:20 GMT
Content-Type: application/json
Transfer-Encoding: chunked
Connection: keep-alive
Access-Control-Allow-Origin: *
Access-Control-Allow-Methods: GET, POST, DELETE, PUT
Access-Control-Allow-Headers: Content-Type, api_key, Authorization
Server: Jetty(9.2.9.v20150224)

{
    "code": 200,
    "type": "unknown",
    "message": "1012"
}
Status code for POST:200
]]></system-out>
  </testcase>
  <testcase name="GETUserbyName[testUser11](1)" classname="api.test.DDTest" time="1.281">
    <system-out><![CDATA[Status code fo GET:200
]]></system-out>
  </testcase>
  <testcase name="GETUserbyName[testUser22](2)" classname="api.test.DDTest" time="1.411">
    <system-out><![CDATA[Status code fo GET:200
]]></system-out>
  </testcase>
  <testcase name="GETUserbyName[testUser33](3)" classname="api.test.DDTest" time="1.431">
    <system-out><![CDATA[Status code fo GET:200
]]></system-out>
  </testcase>
  <testcase name="DELETEUserbyName[testUser11](1)" classname="api.test.DDTest" time="1.449">
    <system-out><![CDATA[Status code for DELETE:200
]]></system-out>
  </testcase>
  <testcase name="DELETEUserbyName[testUser22](2)" classname="api.test.DDTest" time="1.442">
    <system-out><![CDATA[Status code for DELETE:200
]]></system-out>
  </testcase>
  <testcase name="DELETEUserbyName[testUser33](3)" classname="api.test.DDTest" time="1.533">
    <system-out><![CDATA[Status code for DELETE:200
]]></system-out>
  </testcase>
</testsuite>