<?xml version="1.0" encoding="UTF-8"?>
<testng-results ignored="0" total="5" passed="5" failed="0" skipped="0">
  <reporter-output>
  </reporter-output>
  <suite started-at="2023-04-20T23:48:43 IST" name="Default suite" finished-at="2023-04-20T23:48:50 IST" duration-ms="6966">
    <groups>
    </groups>
    <test started-at="2023-04-20T23:48:43 IST" name="Default test" finished-at="2023-04-20T23:48:50 IST" duration-ms="6966">
      <class name="testDemo.Demo_GET">
        <test-method signature="GET_for_listusers()[pri:1, instance:testDemo.Demo_GET@6ad82709]" started-at="2023-04-20T23:48:43 IST" name="GET_for_listusers" finished-at="2023-04-20T23:48:47 IST" duration-ms="4500" status="PASS">
          <reporter-output>
          </reporter-output>
        </test-method> <!-- GET_for_listusers -->
        <test-method signature="GET_single_user()[pri:2, instance:testDemo.Demo_GET@6ad82709]" started-at="2023-04-20T23:48:48 IST" name="GET_single_user" finished-at="2023-04-20T23:48:48 IST" duration-ms="119" status="PASS">
          <reporter-output>
          </reporter-output>
        </test-method> <!-- GET_single_user -->
        <test-method signature="POST_user()[pri:3, instance:testDemo.Demo_GET@6ad82709]" started-at="2023-04-20T23:48:48 IST" name="POST_user" finished-at="2023-04-20T23:48:49 IST" duration-ms="1178" status="PASS">
          <reporter-output>
          </reporter-output>
        </test-method> <!-- POST_user -->
        <test-method signature="PUT_user()[pri:4, instance:testDemo.Demo_GET@6ad82709]" started-at="2023-04-20T23:48:49 IST" name="PUT_user" finished-at="2023-04-20T23:48:49 IST" duration-ms="589" status="PASS">
          <reporter-output>
          </reporter-output>
        </test-method> <!-- PUT_user -->
        <test-method signature="DELETE()[pri:5, instance:testDemo.Demo_GET@6ad82709]" started-at="2023-04-20T23:48:49 IST" name="DELETE" finished-at="2023-04-20T23:48:50 IST" duration-ms="492" status="PASS">
          <reporter-output>
          </reporter-output>
        </test-method> <!-- DELETE -->
      </class> <!-- testDemo.Demo_GET -->
    </test> <!-- Default test -->
  </suite> <!-- Default suite -->
</testng-results>
