<?xml version="1.0" encoding="UTF-8"?>
<!-- Generated by org.testng.reporters.JUnitXMLReporter -->
<testsuite ignored="0" hostname="PNL-5CD209FSV6" failures="0" tests="9" name="PetTest" time="12.357" errors="0" timestamp="2023-04-21T11:09:33 IST">
  <testcase classname="api.test.DDTest" name="testPOSTUser" time="2.445"/>
  <testcase classname="api.test.DDTest" name="testPOSTUser" time="1.06"/>
  <testcase classname="api.test.DDTest" name="testPOSTUser" time="1.032"/>
  <testcase classname="api.test.DDTest" name="GETUserbyName" time="1.026"/>
  <testcase classname="api.test.DDTest" name="GETUserbyName" time="1.02"/>
  <testcase classname="api.test.DDTest" name="GETUserbyName" time="1.019"/>
  <testcase classname="api.test.DDTest" name="DELETEUserbyName" time="1.008"/>
  <testcase classname="api.test.DDTest" name="DELETEUserbyName" time="1.051"/>
  <testcase classname="api.test.DDTest" name="DELETEUserbyName" time="1.039"/>
</testsuite> <!-- PetTest -->
