<?xml version="1.0" encoding="UTF-8"?>
<!-- Generated by org.testng.reporters.JUnitXMLReporter -->
<testsuite ignored="0" hostname="PNL-5CD209FSV6" failures="0" tests="9" name="PetTest" time="19.777" errors="0" timestamp="2023-04-20T15:16:51 IST">
  <testcase classname="api.test.DDTest" name="testPOSTUser" time="4.205"/>
  <testcase classname="api.test.DDTest" name="testPOSTUser" time="1.397"/>
  <testcase classname="api.test.DDTest" name="testPOSTUser" time="1.428"/>
  <testcase classname="api.test.DDTest" name="GETUserbyName" time="1.547"/>
  <testcase classname="api.test.DDTest" name="GETUserbyName" time="1.334"/>
  <testcase classname="api.test.DDTest" name="GETUserbyName" time="1.53"/>
  <testcase classname="api.test.DDTest" name="DELETEUserbyName" time="1.16"/>
  <testcase classname="api.test.DDTest" name="DELETEUserbyName" time="1.533"/>
  <testcase classname="api.test.DDTest" name="DELETEUserbyName" time="1.439"/>
</testsuite> <!-- PetTest -->
