<?xml version="1.0" encoding="UTF-8"?>
<!-- Generated by org.testng.reporters.JUnitXMLReporter -->
<testsuite ignored="0" hostname="PNL-5CD209FSV6" failures="0" tests="9" name="PetTest" time="15.443" errors="0" timestamp="2023-04-21T23:01:23 IST">
  <testcase classname="api.test.DDTest" name="testPOSTUser" time="2.686"/>
  <testcase classname="api.test.DDTest" name="testPOSTUser" time="1.26"/>
  <testcase classname="api.test.DDTest" name="testPOSTUser" time="1.308"/>
  <testcase classname="api.test.DDTest" name="GETUserbyName" time="1.317"/>
  <testcase classname="api.test.DDTest" name="GETUserbyName" time="1.696"/>
  <testcase classname="api.test.DDTest" name="GETUserbyName" time="1.209"/>
  <testcase classname="api.test.DDTest" name="DELETEUserbyName" time="1.289"/>
  <testcase classname="api.test.DDTest" name="DELETEUserbyName" time="1.242"/>
  <testcase classname="api.test.DDTest" name="DELETEUserbyName" time="1.282"/>
</testsuite> <!-- PetTest -->
